<?xml version="1.0" encoding="UTF-8"?>
<testsuite name="CdTest" tests="6" skipped="0" failures="0" errors="0" timestamp="2016-09-14T23:15:32" hostname="epicodus-3.local" time="0.001">
  <properties/>
  <testcase name="clear_emptiesAllCDFromArrayList_0" classname="CdTest" time="0.0"/>
  <testcase name="Cd_instantiatesNewCd_true" classname="CdTest" time="0.0"/>
  <testcase name="all_returnsAllInstancesOfCD_true" classname="CdTest" time="0.0"/>
  <testcase name="getId_CDInstantiateWithAnID_1" classname="CdTest" time="0.0"/>
  <testcase name="Cd_sortedByName" classname="CdTest" time="0.0"/>
  <testcase name="Cd_getName" classname="CdTest" time="0.0"/>
  <system-out><![CDATA[]]></system-out>
  <system-err><![CDATA[]]></system-err>
</testsuite>
